[debug] [2018-07-13T18:28:32.542Z] ----------------------------------------------------------------------
[debug] [2018-07-13T18:28:32.545Z] Command:       /usr/local/bin/node /usr/local/bin/firebase deploy
[debug] [2018-07-13T18:28:32.547Z] CLI Version:   3.19.3
[debug] [2018-07-13T18:28:32.547Z] Platform:      darwin
[debug] [2018-07-13T18:28:32.547Z] Node Version:  v7.1.0
[debug] [2018-07-13T18:28:32.549Z] Time:          Fri Jul 13 2018 19:28:32 GMT+0100 (BST)
[debug] [2018-07-13T18:28:32.549Z] ----------------------------------------------------------------------
[debug] 
[debug] [2018-07-13T18:28:32.568Z] > command requires scopes: ["email","openid","https://www.googleapis.com/auth/cloudplatformprojects.readonly","https://www.googleapis.com/auth/firebase","https://www.googleapis.com/auth/cloud-platform"]
[debug] [2018-07-13T18:28:32.568Z] > authorizing via signed-in user
[debug] [2018-07-13T18:28:32.571Z] > refreshing access token with scopes: ["email","https://www.googleapis.com/auth/cloud-platform","https://www.googleapis.com/auth/cloudplatformprojects.readonly","https://www.googleapis.com/auth/firebase","openid"]
[debug] [2018-07-13T18:28:32.571Z] >>> HTTP REQUEST POST https://www.googleapis.com/oauth2/v3/token  
 { refresh_token: '1/iZohfQwF_4ub2_OmtoBDYapbnTwzUeDmUj3ycGqlKbA',
  client_id: '563584335869-fgrhgmd47bqnekij5i8b5pr03ho849e6.apps.googleusercontent.com',
  client_secret: 'j9iVZfS8kkCEFUPaAeJV0sAi',
  grant_type: 'refresh_token',
  scope: 'email https://www.googleapis.com/auth/cloud-platform https://www.googleapis.com/auth/cloudplatformprojects.readonly https://www.googleapis.com/auth/firebase openid' } 
 Fri Jul 13 2018 19:28:32 GMT+0100 (BST)
[debug] [2018-07-13T18:28:33.562Z] <<< HTTP RESPONSE 200
[debug] [2018-07-13T18:28:33.565Z] >>> HTTP REQUEST GET https://admin.firebase.com/v1/projects/fantasy-f1-34814  
  
 Fri Jul 13 2018 19:28:33 GMT+0100 (BST)
[debug] [2018-07-13T18:28:36.009Z] <<< HTTP RESPONSE 200
[debug] [2018-07-13T18:28:36.010Z] >>> HTTP REQUEST GET https://admin.firebase.com/v1/database/fantasy-f1-34814/tokens  
  
 Fri Jul 13 2018 19:28:36 GMT+0100 (BST)
[debug] [2018-07-13T18:28:39.322Z] <<< HTTP RESPONSE 200
[info] 
[info] === Deploying to 'fantasy-f1-34814'...
[info] 
[info] i  deploying hosting
[info] i  hosting: preparing build directory for upload...
[debug] [2018-07-13T18:28:41.575Z] >>> HTTP REQUEST PUT https://deploy.firebase.com/v1/hosting/fantasy-f1-34814/uploads/-LHJtj9uGH6_Vr5RDA_8?fileCount=37&message=  
  
 Fri Jul 13 2018 19:28:41 GMT+0100 (BST)
[debug] [2018-07-13T19:58:49.209Z] Error: write EPIPE
    at exports._errnoException (util.js:1022:11)
    at WriteWrap.afterWrite [as oncomplete] (net.js:804:14)
[error] 
[error] Error: Server Error. write EPIPE
